<?xml version="1.0" encoding="UTF-8"?>
<!-- Generated by org.testng.reporters.JUnitReportReporter -->
<testsuite skipped="0" hostname="ags-p-105" name="com.employeeapi.testCases.TC003_Post_Employee_Record" tests="9" failures="0" timestamp="09 Feb 2020 00:51:36 GMT" time="0.010" errors="0">
  <testcase name="checkContentType" time="0.000" classname="com.employeeapi.testCases.TC003_Post_Employee_Record"/>
  <testcase name="checkStatusLine" time="0.005" classname="com.employeeapi.testCases.TC003_Post_Employee_Record"/>
  <testcase name="checkResponseTime" time="0.001" classname="com.employeeapi.testCases.TC003_Post_Employee_Record"/>
  <testcase name="checkCookies" time="0.001" classname="com.employeeapi.testCases.TC003_Post_Employee_Record"/>
  <testcase name="checkContentEncoding" time="0.001" classname="com.employeeapi.testCases.TC003_Post_Employee_Record"/>
  <testcase name="checkServerType" time="0.000" classname="com.employeeapi.testCases.TC003_Post_Employee_Record"/>
  <testcase name="checkResponseBody" time="0.001" classname="com.employeeapi.testCases.TC003_Post_Employee_Record"/>
  <testcase name="checkStatusCode" time="0.000" classname="com.employeeapi.testCases.TC003_Post_Employee_Record"/>
  <testcase name="checkContentLength" time="0.001" classname="com.employeeapi.testCases.TC003_Post_Employee_Record"/>
</testsuite> <!-- com.employeeapi.testCases.TC003_Post_Employee_Record -->
