<?xml version="1.0" encoding="UTF-8"?>
<testsuite xmlns:xsi="http://www.w3.org/2001/XMLSchema-instance" xsi:noNamespaceSchemaLocation="https://maven.apache.org/surefire/maven-surefire-plugin/xsd/surefire-test-report-3.0.xsd" version="3.0" name="TestSuite" time="15.801" tests="47" errors="0" skipped="10" failures="8">
  <properties>
    <property name="sun.desktop" value="windows"/>
    <property name="awt.toolkit" value="sun.awt.windows.WToolkit"/>
    <property name="file.encoding.pkg" value="sun.io"/>
    <property name="java.specification.version" value="1.8"/>
    <property name="sun.cpu.isalist" value="amd64"/>
    <property name="sun.jnu.encoding" value="Cp1252"/>
    <property name="java.class.path" value="C:\Users\agsuser\Documents\workspace-sts-3.9.9.RELEASE\Employee_Project\target\test-classes;C:\Users\agsuser\Documents\workspace-sts-3.9.9.RELEASE\Employee_Project\target\classes;C:\Users\agsuser\.m2\repository\io\rest-assured\rest-assured\4.0.0\rest-assured-4.0.0.jar;C:\Users\agsuser\.m2\repository\org\codehaus\groovy\groovy\2.5.6\groovy-2.5.6.jar;C:\Users\agsuser\.m2\repository\org\codehaus\groovy\groovy-xml\2.5.6\groovy-xml-2.5.6.jar;C:\Users\agsuser\.m2\repository\org\apache\httpcomponents\httpclient\4.5.3\httpclient-4.5.3.jar;C:\Users\agsuser\.m2\repository\org\apache\httpcomponents\httpcore\4.4.6\httpcore-4.4.6.jar;C:\Users\agsuser\.m2\repository\commons-logging\commons-logging\1.2\commons-logging-1.2.jar;C:\Users\agsuser\.m2\repository\org\apache\httpcomponents\httpmime\4.5.3\httpmime-4.5.3.jar;C:\Users\agsuser\.m2\repository\org\hamcrest\hamcrest-core\2.1\hamcrest-core-2.1.jar;C:\Users\agsuser\.m2\repository\org\hamcrest\hamcrest\2.1\hamcrest-2.1.jar;C:\Users\agsuser\.m2\repository\org\hamcrest\hamcrest-library\2.1\hamcrest-library-2.1.jar;C:\Users\agsuser\.m2\repository\org\ccil\cowan\tagsoup\tagsoup\1.2.1\tagsoup-1.2.1.jar;C:\Users\agsuser\.m2\repository\io\rest-assured\json-path\4.0.0\json-path-4.0.0.jar;C:\Users\agsuser\.m2\repository\org\codehaus\groovy\groovy-json\2.5.6\groovy-json-2.5.6.jar;C:\Users\agsuser\.m2\repository\io\rest-assured\rest-assured-common\4.0.0\rest-assured-common-4.0.0.jar;C:\Users\agsuser\.m2\repository\io\rest-assured\xml-path\4.0.0\xml-path-4.0.0.jar;C:\Users\agsuser\.m2\repository\org\apache\commons\commons-lang3\3.4\commons-lang3-3.4.jar;C:\Users\agsuser\.m2\repository\javax\xml\bind\jaxb-api\2.2.12\jaxb-api-2.2.12.jar;C:\Users\agsuser\.m2\repository\com\sun\xml\bind\jaxb-osgi\2.2.10\jaxb-osgi-2.2.10.jar;C:\Users\agsuser\.m2\repository\org\apache\sling\org.apache.sling.javax.activation\0.1.0\org.apache.sling.javax.activation-0.1.0.jar;C:\Users\agsuser\.m2\repository\javax\activation\activation\1.1.1\activation-1.1.1.jar;C:\Users\agsuser\.m2\repository\org\testng\testng\6.14.3\testng-6.14.3.jar;C:\Users\agsuser\.m2\repository\com\beust\jcommander\1.72\jcommander-1.72.jar;C:\Users\agsuser\.m2\repository\org\apache-extras\beanshell\bsh\2.0b6\bsh-2.0b6.jar;C:\Users\agsuser\.m2\repository\com\googlecode\json-simple\json-simple\1.1.1\json-simple-1.1.1.jar;C:\Users\agsuser\.m2\repository\junit\junit\4.10\junit-4.10.jar;C:\Users\agsuser\.m2\repository\org\apache\poi\poi\4.1.0\poi-4.1.0.jar;C:\Users\agsuser\.m2\repository\commons-codec\commons-codec\1.12\commons-codec-1.12.jar;C:\Users\agsuser\.m2\repository\org\apache\commons\commons-collections4\4.3\commons-collections4-4.3.jar;C:\Users\agsuser\.m2\repository\org\apache\commons\commons-math3\3.6.1\commons-math3-3.6.1.jar;C:\Users\agsuser\.m2\repository\org\apache\poi\poi-ooxml\4.1.0\poi-ooxml-4.1.0.jar;C:\Users\agsuser\.m2\repository\org\apache\poi\poi-ooxml-schemas\4.1.0\poi-ooxml-schemas-4.1.0.jar;C:\Users\agsuser\.m2\repository\org\apache\xmlbeans\xmlbeans\3.1.0\xmlbeans-3.1.0.jar;C:\Users\agsuser\.m2\repository\org\apache\commons\commons-compress\1.18\commons-compress-1.18.jar;C:\Users\agsuser\.m2\repository\com\github\virtuald\curvesapi\1.06\curvesapi-1.06.jar;C:\Users\agsuser\.m2\repository\com\aventstack\extentreports\4.1.1\extentreports-4.1.1.jar;C:\Users\agsuser\.m2\repository\org\freemarker\freemarker\2.3.29\freemarker-2.3.29.jar;C:\Users\agsuser\.m2\repository\com\google\code\gson\gson\2.8.6\gson-2.8.6.jar;C:\Users\agsuser\.m2\repository\org\mongodb\mongodb-driver\3.12.0\mongodb-driver-3.12.0.jar;C:\Users\agsuser\.m2\repository\org\mongodb\mongodb-driver-core\3.12.0\mongodb-driver-core-3.12.0.jar;C:\Users\agsuser\.m2\repository\org\mongodb\bson\3.12.0\bson-3.12.0.jar;C:\Users\agsuser\.m2\repository\log4j\log4j\1.2.17\log4j-1.2.17.jar;"/>
    <property name="java.vm.vendor" value="Oracle Corporation"/>
    <property name="sun.arch.data.model" value="64"/>
    <property name="user.variant" value=""/>
    <property name="java.vendor.url" value="http://java.oracle.com/"/>
    <property name="user.timezone" value="Asia/Calcutta"/>
    <property name="java.vm.specification.version" value="1.8"/>
    <property name="os.name" value="Windows 10"/>
    <property name="user.country" value="US"/>
    <property name="sun.java.launcher" value="SUN_STANDARD"/>
    <property name="sun.boot.library.path" value="C:\Program Files\Java\jre1.8.0_231\bin"/>
    <property name="sun.java.command" value="C:\Users\agsuser\AppData\Local\Temp\surefire3768826203660767133\surefirebooter873803461569306772.jar C:\Users\agsuser\AppData\Local\Temp\surefire3768826203660767133 2020-02-09T06-21-19_885-jvmRun1 surefire2040908784126078610tmp surefire_01966397094000600154tmp"/>
    <property name="surefire.test.class.path" value="C:\Users\agsuser\Documents\workspace-sts-3.9.9.RELEASE\Employee_Project\target\test-classes;C:\Users\agsuser\Documents\workspace-sts-3.9.9.RELEASE\Employee_Project\target\classes;C:\Users\agsuser\.m2\repository\io\rest-assured\rest-assured\4.0.0\rest-assured-4.0.0.jar;C:\Users\agsuser\.m2\repository\org\codehaus\groovy\groovy\2.5.6\groovy-2.5.6.jar;C:\Users\agsuser\.m2\repository\org\codehaus\groovy\groovy-xml\2.5.6\groovy-xml-2.5.6.jar;C:\Users\agsuser\.m2\repository\org\apache\httpcomponents\httpclient\4.5.3\httpclient-4.5.3.jar;C:\Users\agsuser\.m2\repository\org\apache\httpcomponents\httpcore\4.4.6\httpcore-4.4.6.jar;C:\Users\agsuser\.m2\repository\commons-logging\commons-logging\1.2\commons-logging-1.2.jar;C:\Users\agsuser\.m2\repository\org\apache\httpcomponents\httpmime\4.5.3\httpmime-4.5.3.jar;C:\Users\agsuser\.m2\repository\org\hamcrest\hamcrest-core\2.1\hamcrest-core-2.1.jar;C:\Users\agsuser\.m2\repository\org\hamcrest\hamcrest\2.1\hamcrest-2.1.jar;C:\Users\agsuser\.m2\repository\org\hamcrest\hamcrest-library\2.1\hamcrest-library-2.1.jar;C:\Users\agsuser\.m2\repository\org\ccil\cowan\tagsoup\tagsoup\1.2.1\tagsoup-1.2.1.jar;C:\Users\agsuser\.m2\repository\io\rest-assured\json-path\4.0.0\json-path-4.0.0.jar;C:\Users\agsuser\.m2\repository\org\codehaus\groovy\groovy-json\2.5.6\groovy-json-2.5.6.jar;C:\Users\agsuser\.m2\repository\io\rest-assured\rest-assured-common\4.0.0\rest-assured-common-4.0.0.jar;C:\Users\agsuser\.m2\repository\io\rest-assured\xml-path\4.0.0\xml-path-4.0.0.jar;C:\Users\agsuser\.m2\repository\org\apache\commons\commons-lang3\3.4\commons-lang3-3.4.jar;C:\Users\agsuser\.m2\repository\javax\xml\bind\jaxb-api\2.2.12\jaxb-api-2.2.12.jar;C:\Users\agsuser\.m2\repository\com\sun\xml\bind\jaxb-osgi\2.2.10\jaxb-osgi-2.2.10.jar;C:\Users\agsuser\.m2\repository\org\apache\sling\org.apache.sling.javax.activation\0.1.0\org.apache.sling.javax.activation-0.1.0.jar;C:\Users\agsuser\.m2\repository\javax\activation\activation\1.1.1\activation-1.1.1.jar;C:\Users\agsuser\.m2\repository\org\testng\testng\6.14.3\testng-6.14.3.jar;C:\Users\agsuser\.m2\repository\com\beust\jcommander\1.72\jcommander-1.72.jar;C:\Users\agsuser\.m2\repository\org\apache-extras\beanshell\bsh\2.0b6\bsh-2.0b6.jar;C:\Users\agsuser\.m2\repository\com\googlecode\json-simple\json-simple\1.1.1\json-simple-1.1.1.jar;C:\Users\agsuser\.m2\repository\junit\junit\4.10\junit-4.10.jar;C:\Users\agsuser\.m2\repository\org\apache\poi\poi\4.1.0\poi-4.1.0.jar;C:\Users\agsuser\.m2\repository\commons-codec\commons-codec\1.12\commons-codec-1.12.jar;C:\Users\agsuser\.m2\repository\org\apache\commons\commons-collections4\4.3\commons-collections4-4.3.jar;C:\Users\agsuser\.m2\repository\org\apache\commons\commons-math3\3.6.1\commons-math3-3.6.1.jar;C:\Users\agsuser\.m2\repository\org\apache\poi\poi-ooxml\4.1.0\poi-ooxml-4.1.0.jar;C:\Users\agsuser\.m2\repository\org\apache\poi\poi-ooxml-schemas\4.1.0\poi-ooxml-schemas-4.1.0.jar;C:\Users\agsuser\.m2\repository\org\apache\xmlbeans\xmlbeans\3.1.0\xmlbeans-3.1.0.jar;C:\Users\agsuser\.m2\repository\org\apache\commons\commons-compress\1.18\commons-compress-1.18.jar;C:\Users\agsuser\.m2\repository\com\github\virtuald\curvesapi\1.06\curvesapi-1.06.jar;C:\Users\agsuser\.m2\repository\com\aventstack\extentreports\4.1.1\extentreports-4.1.1.jar;C:\Users\agsuser\.m2\repository\org\freemarker\freemarker\2.3.29\freemarker-2.3.29.jar;C:\Users\agsuser\.m2\repository\com\google\code\gson\gson\2.8.6\gson-2.8.6.jar;C:\Users\agsuser\.m2\repository\org\mongodb\mongodb-driver\3.12.0\mongodb-driver-3.12.0.jar;C:\Users\agsuser\.m2\repository\org\mongodb\mongodb-driver-core\3.12.0\mongodb-driver-core-3.12.0.jar;C:\Users\agsuser\.m2\repository\org\mongodb\bson\3.12.0\bson-3.12.0.jar;C:\Users\agsuser\.m2\repository\log4j\log4j\1.2.17\log4j-1.2.17.jar;"/>
    <property name="sun.cpu.endian" value="little"/>
    <property name="user.home" value="C:\Users\agsuser"/>
    <property name="user.language" value="en"/>
    <property name="java.specification.vendor" value="Oracle Corporation"/>
    <property name="java.home" value="C:\Program Files\Java\jre1.8.0_231"/>
    <property name="basedir" value="C:\Users\agsuser\Documents\workspace-sts-3.9.9.RELEASE\Employee_Project"/>
    <property name="file.separator" value="\"/>
    <property name="line.separator" value="&#10;"/>
    <property name="java.vm.specification.vendor" value="Oracle Corporation"/>
    <property name="java.specification.name" value="Java Platform API Specification"/>
    <property name="java.awt.graphicsenv" value="sun.awt.Win32GraphicsEnvironment"/>
    <property name="surefire.real.class.path" value="C:\Users\agsuser\AppData\Local\Temp\surefire3768826203660767133\surefirebooter873803461569306772.jar"/>
    <property name="sun.boot.class.path" value="C:\Program Files\Java\jre1.8.0_231\lib\resources.jar;C:\Program Files\Java\jre1.8.0_231\lib\rt.jar;C:\Program Files\Java\jre1.8.0_231\lib\sunrsasign.jar;C:\Program Files\Java\jre1.8.0_231\lib\jsse.jar;C:\Program Files\Java\jre1.8.0_231\lib\jce.jar;C:\Program Files\Java\jre1.8.0_231\lib\charsets.jar;C:\Program Files\Java\jre1.8.0_231\lib\jfr.jar;C:\Program Files\Java\jre1.8.0_231\classes"/>
    <property name="user.script" value=""/>
    <property name="sun.management.compiler" value="HotSpot 64-Bit Tiered Compilers"/>
    <property name="java.runtime.version" value="1.8.0_231-b11"/>
    <property name="user.name" value="agsuser"/>
    <property name="path.separator" value=";"/>
    <property name="os.version" value="10.0"/>
    <property name="java.endorsed.dirs" value="C:\Program Files\Java\jre1.8.0_231\lib\endorsed"/>
    <property name="java.runtime.name" value="Java(TM) SE Runtime Environment"/>
    <property name="file.encoding" value="Cp1252"/>
    <property name="java.vm.name" value="Java HotSpot(TM) 64-Bit Server VM"/>
    <property name="localRepository" value="C:\Users\agsuser\.m2\repository"/>
    <property name="java.vendor.url.bug" value="http://bugreport.sun.com/bugreport/"/>
    <property name="java.io.tmpdir" value="C:\Users\agsuser\AppData\Local\Temp\"/>
    <property name="java.version" value="1.8.0_231"/>
    <property name="user.dir" value="C:\Users\agsuser\Documents\workspace-sts-3.9.9.RELEASE\Employee_Project"/>
    <property name="os.arch" value="amd64"/>
    <property name="java.vm.specification.name" value="Java Virtual Machine Specification"/>
    <property name="java.awt.printerjob" value="sun.awt.windows.WPrinterJob"/>
    <property name="sun.os.patch.level" value=""/>
    <property name="java.library.path" value="C:\Program Files\Java\jre1.8.0_231\bin;C:\WINDOWS\Sun\Java\bin;C:\WINDOWS\system32;C:\WINDOWS;C:\Program Files (x86)\Common Files\Oracle\Java\javapath;C:\ProgramData\Oracle\Java\javapath;C:\Program Files (x86)\Intel\iCLS Client\;C:\Program Files\Intel\iCLS Client\;C:\WINDOWS\system32;C:\WINDOWS;C:\WINDOWS\System32\Wbem;C:\WINDOWS\System32\WindowsPowerShell\v1.0\;C:\Program Files\Intel\Intel(R) Management Engine Components\DAL;C:\Program Files\Intel\Intel(R) Management Engine Components\IPT;C:\Program Files (x86)\Intel\Intel(R) Management Engine Components\DAL;C:\Program Files (x86)\Intel\Intel(R) Management Engine Components\IPT;C:\Program Files (x86)\Intel\OpenCL SDK\2.0\bin\x86;C:\Program Files (x86)\Intel\OpenCL SDK\2.0\bin\x64;C:\Program Files\Intel\WiFi\bin\;C:\Program Files\Common Files\Intel\WirelessCommon\;C:\SWTOOLS\ReadyApps;C:\Program Files (x86)\Common Files\Lenovo;C:\Program Files (x86)\Intel\OpenCL SDK\2.0\bin\x86;C:\Program Files (x86)\Intel\OpenCL SDK\2.0\bin\x64;C:\Program Files\Microsoft VS Code\bin;C:\Program Files\OpenVPN\bin;C:\Program Files\PuTTY\;C:\Program Files (x86)\Microsoft SQL Server\150\DTS\Binn\;C:\Program Files\nodejs\;C:\Users\agsuser\Downloads\Software\apache-maven-3.6.3-bin\apache-maven-3.6.3\bin;C:\Users\agsuser\AppData\Local\Microsoft\WindowsApps;C:\Users\agsuser\AppData\Roaming\npm;C:\Users\agsuser\AppData\Local\Programs\Azure Data Studio\bin;."/>
    <property name="java.vm.info" value="mixed mode"/>
    <property name="java.vendor" value="Oracle Corporation"/>
    <property name="java.vm.version" value="25.231-b11"/>
    <property name="java.ext.dirs" value="C:\Program Files\Java\jre1.8.0_231\lib\ext;C:\WINDOWS\Sun\Java\lib\ext"/>
    <property name="sun.io.unicode.encoding" value="UnicodeLittle"/>
    <property name="java.class.version" value="52.0"/>
  </properties>
  <testcase name="checkContentEncoding" classname="com.employeeapi.testCases.TC001_Get_All_Employees" time="0.005"/>
  <testcase name="checkContentLength" classname="com.employeeapi.testCases.TC001_Get_All_Employees" time="0.001"/>
  <testcase name="checkContentType" classname="com.employeeapi.testCases.TC001_Get_All_Employees" time="0.104">
    <failure message="expected [application/json;charset=utf-8] but found [application/json; charset=UTF-8]" type="java.lang.AssertionError"><![CDATA[java.lang.AssertionError: expected [application/json;charset=utf-8] but found [application/json; charset=UTF-8]
	at com.employeeapi.testCases.TC001_Get_All_Employees.checkContentType(TC001_Get_All_Employees.java:86)
]]></failure>
    <system-out><![CDATA[ContentType1 is => application/json;charset=utf-8
]]></system-out>
  </testcase>
  <testcase name="checkCookies" classname="com.employeeapi.testCases.TC001_Get_All_Employees" time="0.001"/>
  <testcase name="checkResponseBody" classname="com.employeeapi.testCases.TC001_Get_All_Employees" time="0.025"/>
  <testcase name="checkResponseTime" classname="com.employeeapi.testCases.TC001_Get_All_Employees" time="0.001">
    <failure message="expected [true] but found [false]" type="java.lang.AssertionError"><![CDATA[java.lang.AssertionError: expected [true] but found [false]
	at com.employeeapi.testCases.TC001_Get_All_Employees.checkResponseTime(TC001_Get_All_Employees.java:67)
]]></failure>
  </testcase>
  <testcase name="checkServerType" classname="com.employeeapi.testCases.TC001_Get_All_Employees" time="0.001"/>
  <testcase name="checkStatusCode" classname="com.employeeapi.testCases.TC001_Get_All_Employees" time="0.001"/>
  <testcase name="checkStatusLine" classname="com.employeeapi.testCases.TC001_Get_All_Employees" time="0"/>
  <testcase name="checkContentEncoding" classname="com.employeeapi.testCases.TC002_Get_Single_Employee_Record" time="0.002"/>
  <testcase name="checkContentLength" classname="com.employeeapi.testCases.TC002_Get_Single_Employee_Record" time="0">
    <failure message="null" type="java.lang.NumberFormatException"><![CDATA[java.lang.NumberFormatException: null
	at com.employeeapi.testCases.TC002_Get_Single_Employee_Record.checkContentLength(TC002_Get_Single_Employee_Record.java:104)
]]></failure>
  </testcase>
  <testcase name="checkContentType" classname="com.employeeapi.testCases.TC002_Get_Single_Employee_Record" time="0.01">
    <failure message="expected [text/html;charset=UTF-8] but found [text/html; charset=UTF-8]" type="java.lang.AssertionError"><![CDATA[java.lang.AssertionError: expected [text/html;charset=UTF-8] but found [text/html; charset=UTF-8]
	at com.employeeapi.testCases.TC002_Get_Single_Employee_Record.checkContentType(TC002_Get_Single_Employee_Record.java:79)
]]></failure>
    <system-out><![CDATA[ContentType1 is => text/html;charset=UTF-8
]]></system-out>
  </testcase>
  <testcase name="checkCookies" classname="com.employeeapi.testCases.TC002_Get_Single_Employee_Record" time="0"/>
  <testcase name="checkResponseBody" classname="com.employeeapi.testCases.TC002_Get_Single_Employee_Record" time="0"/>
  <testcase name="checkResponseTime" classname="com.employeeapi.testCases.TC002_Get_Single_Employee_Record" time="0"/>
  <testcase name="checkServerType" classname="com.employeeapi.testCases.TC002_Get_Single_Employee_Record" time="0"/>
  <testcase name="checkStatusCode" classname="com.employeeapi.testCases.TC002_Get_Single_Employee_Record" time="0.001">
    <failure message="expected [404] but found [200]" type="java.lang.AssertionError"><![CDATA[java.lang.AssertionError: expected [404] but found [200]
	at com.employeeapi.testCases.TC002_Get_Single_Employee_Record.checkStatusCode(TC002_Get_Single_Employee_Record.java:49)
]]></failure>
  </testcase>
  <testcase name="checkStatusLine" classname="com.employeeapi.testCases.TC002_Get_Single_Employee_Record" time="0">
    <failure message="expected [HTTP/1.1 404 Not Found] but found [HTTP/1.1 200 OK]" type="java.lang.AssertionError"><![CDATA[java.lang.AssertionError: expected [HTTP/1.1 404 Not Found] but found [HTTP/1.1 200 OK]
	at com.employeeapi.testCases.TC002_Get_Single_Employee_Record.checkStatusLine(TC002_Get_Single_Employee_Record.java:69)
]]></failure>
  </testcase>
  <testcase name="checkContentEncoding" classname="com.employeeapi.testCases.TC003_Post_Employee_Record" time="0"/>
  <testcase name="checkContentLength" classname="com.employeeapi.testCases.TC003_Post_Employee_Record" time="0.001"/>
  <testcase name="checkContentType" classname="com.employeeapi.testCases.TC003_Post_Employee_Record" time="0.005"/>
  <testcase name="checkCookies" classname="com.employeeapi.testCases.TC003_Post_Employee_Record" time="0"/>
  <testcase name="checkResponseBody" classname="com.employeeapi.testCases.TC003_Post_Employee_Record" time="0"/>
  <testcase name="checkResponseTime" classname="com.employeeapi.testCases.TC003_Post_Employee_Record" time="0"/>
  <testcase name="checkServerType" classname="com.employeeapi.testCases.TC003_Post_Employee_Record" time="0.001"/>
  <testcase name="checkStatusCode" classname="com.employeeapi.testCases.TC003_Post_Employee_Record" time="0.001"/>
  <testcase name="checkStatusLine" classname="com.employeeapi.testCases.TC003_Post_Employee_Record" time="0"/>
  <testcase name="checkContentEncoding" classname="com.employeeapi.testCases.TC004_Put_Employee_Record" time="0"/>
  <testcase name="checkContentLength" classname="com.employeeapi.testCases.TC004_Put_Employee_Record" time="0.001"/>
  <testcase name="checkContentType" classname="com.employeeapi.testCases.TC004_Put_Employee_Record" time="0.013"/>
  <testcase name="checkCookies" classname="com.employeeapi.testCases.TC004_Put_Employee_Record" time="0"/>
  <testcase name="checkResponseBody" classname="com.employeeapi.testCases.TC004_Put_Employee_Record" time="0">
    <failure message="expected [true] but found [false]" type="java.lang.AssertionError"><![CDATA[java.lang.AssertionError: expected [true] but found [false]
	at com.employeeapi.testCases.TC004_Put_Employee_Record.checkResponseBody(TC004_Put_Employee_Record.java:54)
]]></failure>
  </testcase>
  <testcase name="checkResponseTime" classname="com.employeeapi.testCases.TC004_Put_Employee_Record" time="0.001"/>
  <testcase name="checkServerType" classname="com.employeeapi.testCases.TC004_Put_Employee_Record" time="0"/>
  <testcase name="checkStatusCode" classname="com.employeeapi.testCases.TC004_Put_Employee_Record" time="0"/>
  <testcase name="checkStatusLine" classname="com.employeeapi.testCases.TC004_Put_Employee_Record" time="0"/>
  <testcase name="deleteEmployee" classname="com.employeeapi.testCases.TC005_Delete_Employee_Record" time="0.007">
    <failure type="java.lang.NullPointerException"><![CDATA[java.lang.NullPointerException
	at com.employeeapi.testCases.TC005_Delete_Employee_Record.deleteEmployee(TC005_Delete_Employee_Record.java:35)
]]></failure>
  </testcase>
  <testcase name="checkContentEncoding" classname="com.employeeapi.testCases.TC005_Delete_Employee_Record" time="0">
    <skipped/>
  </testcase>
  <testcase name="checkContentLength" classname="com.employeeapi.testCases.TC005_Delete_Employee_Record" time="0">
    <skipped/>
  </testcase>
  <testcase name="checkContentType" classname="com.employeeapi.testCases.TC005_Delete_Employee_Record" time="0">
    <skipped/>
  </testcase>
  <testcase name="checkCookies" classname="com.employeeapi.testCases.TC005_Delete_Employee_Record" time="0">
    <skipped/>
  </testcase>
  <testcase name="checkResponseBody" classname="com.employeeapi.testCases.TC005_Delete_Employee_Record" time="0">
    <skipped/>
  </testcase>
  <testcase name="checkResponseTime" classname="com.employeeapi.testCases.TC005_Delete_Employee_Record" time="0">
    <skipped/>
  </testcase>
  <testcase name="checkServerType" classname="com.employeeapi.testCases.TC005_Delete_Employee_Record" time="0">
    <skipped/>
  </testcase>
  <testcase name="checkStatusCode" classname="com.employeeapi.testCases.TC005_Delete_Employee_Record" time="0">
    <skipped/>
  </testcase>
  <testcase name="checkStatusLine" classname="com.employeeapi.testCases.TC005_Delete_Employee_Record" time="0">
    <skipped/>
  </testcase>
  <testcase name="tearDown" classname="com.employeeapi.testCases.TC005_Delete_Employee_Record" time="0">
    <skipped/>
  </testcase>
</testsuite>